<?xml version="1.0" encoding="UTF-8"?>
<robot generator="Robot 7.4.2 (Python 3.14.2 on win32)" generated="2026-07-31T13:01:11.393595" rpa="false" schemaversion="5">
<suite id="s1" name="MedicalRecordAutomation" source="D:\Mine\Company\ABB Robot Framework July 2026\MedicalRecordAutomation">
<suite id="s1-s1" name="TestSuites" source="D:\Mine\Company\ABB Robot Framework July 2026\MedicalRecordAutomation\TestSuites">
<suite id="s1-s1-s1" name="WebUITestSuites" source="D:\Mine\Company\ABB Robot Framework July 2026\MedicalRecordAutomation\TestSuites\WebUITestSuites">
<suite id="s1-s1-s1-s1" name="LoginSuite" source="D:\Mine\Company\ABB Robot Framework July 2026\MedicalRecordAutomation\TestSuites\WebUITestSuites\LoginSuite">
<suite id="s1-s1-s1-s1-s1" name="Valid Login Suite Test Template" source="D:\Mine\Company\ABB Robot Framework July 2026\MedicalRecordAutomation\TestSuites\WebUITestSuites\LoginSuite\2__valid_login_suite_test_template.robot">
<test id="s1-s1-s1-s1-s1-t1" name="TC2" line="16">
<kw name="Launch Browser And Navigate To Url" owner="CommonFunctionalities" type="SETUP">
<kw name="Open Browser" owner="SeleniumLibrary">
<msg time="2026-07-31T13:01:11.991025" level="INFO">Opening browser 'chrome' to base url 'None'.</msg>
<arg>browser=${BROWSER}</arg>
<doc>Opens a new browser instance to the optional ``url``.</doc>
<status status="PASS" start="2026-07-31T13:01:11.990228" elapsed="0.946403"/>
</kw>
<kw name="Maximize Browser Window" owner="SeleniumLibrary">
<doc>Maximizes current browser window.</doc>
<status status="PASS" start="2026-07-31T13:01:12.936939" elapsed="0.026642"/>
</kw>
<kw name="Set Selenium Implicit Wait" owner="SeleniumLibrary">
<arg>${medium_timeout}s</arg>
<doc>Sets the implicit wait value used by Selenium.</doc>
<status status="PASS" start="2026-07-31T13:01:12.963950" elapsed="0.002104"/>
</kw>
<kw name="Set Selenium Timeout" owner="SeleniumLibrary">
<arg>${default_timeout}s</arg>
<doc>Sets the timeout that is used by various keywords.</doc>
<status status="PASS" start="2026-07-31T13:01:12.966314" elapsed="0.001169"/>
</kw>
<kw name="Go To" owner="SeleniumLibrary">
<msg time="2026-07-31T13:01:12.968194" level="INFO">Opening url 'https://demo.openemr.io/b/openemr/'</msg>
<arg>url=${URL}</arg>
<doc>Navigates the current browser window to the provided ``url``.</doc>
<status status="PASS" start="2026-07-31T13:01:12.967792" elapsed="6.550231"/>
</kw>
<doc>Use this keyword to launch browser and navigate to url 
Examples: 
| Launch Browser And Navigate To Url |</doc>
<status status="PASS" start="2026-07-31T13:01:11.988341" elapsed="7.530666"/>
</kw>
<kw name="Valid Login Template">
<kw name="Input Text" owner="SeleniumLibrary">
<msg time="2026-07-31T13:01:19.522583" level="INFO">Typing text 'accountant' into text field 'id=authUser'.</msg>
<arg>id=authUser</arg>
<arg>${username}</arg>
<doc>Types the given ``text`` into the text field identified by ``locator``.</doc>
<status status="PASS" start="2026-07-31T13:01:19.521406" elapsed="0.136655"/>
</kw>
<kw name="Input Password" owner="SeleniumLibrary">
<msg time="2026-07-31T13:01:19.659988" level="INFO">Typing password into text field 'id=clearPass'.</msg>
<msg time="2026-07-31T13:01:19.717259" level="INFO">Temporally setting log level to: NONE</msg>
<arg>id=clearPass</arg>
<arg>${password}</arg>
<doc>Types the given password into the text field identified by ``locator``.</doc>
<status status="PASS" start="2026-07-31T13:01:19.658753" elapsed="0.090282"/>
</kw>
<kw name="Click Element" owner="SeleniumLibrary">
<msg time="2026-07-31T13:01:19.750185" level="INFO">Clicking element 'id=login-button'.</msg>
<arg>id=login-button</arg>
<doc>Click the element identified by ``locator``.</doc>
<status status="PASS" start="2026-07-31T13:01:19.749485" elapsed="7.835872"/>
</kw>
<kw name="Wait Until Page Contains" owner="SeleniumLibrary">
<arg>Calendar</arg>
<arg>timeout=30s</arg>
<doc>Waits until ``text`` appears on the current page.</doc>
<status status="PASS" start="2026-07-31T13:01:27.586079" elapsed="0.020238"/>
</kw>
<kw name="Title Should Be" owner="SeleniumLibrary">
<msg time="2026-07-31T13:01:27.618579" level="INFO">Page title is 'OpenEMR'.</msg>
<arg>${expected_title}</arg>
<doc>Verifies that the current page title equals ``title``.</doc>
<status status="PASS" start="2026-07-31T13:01:27.607212" elapsed="0.012048"/>
</kw>
<arg>accountant</arg>
<arg>accountant</arg>
<status status="PASS" start="2026-07-31T13:01:19.520289" elapsed="8.099669"/>
</kw>
<kw name="Close Browser" owner="SeleniumLibrary" type="TEARDOWN">
<doc>Closes the current browser.</doc>
<status status="PASS" start="2026-07-31T13:01:27.621533" elapsed="2.172065"/>
</kw>
<status status="PASS" start="2026-07-31T13:01:11.974566" elapsed="17.819730"/>
</test>
<doc>Test Suite validates all valid login scenario</doc>
<status status="PASS" start="2026-07-31T13:01:11.522445" elapsed="18.280962"/>
</suite>
<status status="PASS" start="2026-07-31T13:01:11.508501" elapsed="18.303635"/>
</suite>
<status status="PASS" start="2026-07-31T13:01:11.489253" elapsed="18.337400"/>
</suite>
<status status="PASS" start="2026-07-31T13:01:11.474868" elapsed="18.363202"/>
</suite>
<status status="PASS" start="2026-07-31T13:01:11.405127" elapsed="18.440932"/>
</suite>
<statistics>
<total>
<stat pass="1" fail="0" skip="0">All Tests</stat>
</total>
<tag>
</tag>
<suite>
<stat name="MedicalRecordAutomation" id="s1" pass="1" fail="0" skip="0">MedicalRecordAutomation</stat>
<stat name="TestSuites" id="s1-s1" pass="1" fail="0" skip="0">MedicalRecordAutomation.TestSuites</stat>
<stat name="WebUITestSuites" id="s1-s1-s1" pass="1" fail="0" skip="0">MedicalRecordAutomation.TestSuites.WebUITestSuites</stat>
<stat name="LoginSuite" id="s1-s1-s1-s1" pass="1" fail="0" skip="0">MedicalRecordAutomation.TestSuites.WebUITestSuites.LoginSuite</stat>
<stat name="Valid Login Suite Test Template" id="s1-s1-s1-s1-s1" pass="1" fail="0" skip="0">MedicalRecordAutomation.TestSuites.WebUITestSuites.LoginSuite.Valid Login Suite Test Template</stat>
</suite>
</statistics>
<errors>
</errors>
</robot>
